<?xml version="1.0" encoding="UTF-8"?>
<!-- Generated by org.testng.reporters.JUnitReportReporter -->
<testsuite hostname="marina" failures="0" tests="1" name="com.sirma.recruit.LogInTest2" time="1.606" errors="0" timestamp="2020-02-20T16:58:23 EET" skipped="0">
  <testcase classname="com.sirma.recruit.LogInTest2" name="checkIn" time="1.606"/>
</testsuite> <!-- com.sirma.recruit.LogInTest2 -->
