<?xml version="1.0" encoding="UTF-8"?>
<!-- Generated by org.testng.reporters.JUnitReportReporter -->
<testsuite hostname="marina" failures="0" tests="1" name="com.sirma.cucumberoptions.TestRunner" time="30.409" errors="0" timestamp="2020-03-05T17:26:23 EET" skipped="0">
  <testcase classname="com.sirma.cucumberoptions.TestRunner" name="feature" time="30.409"/>
</testsuite> <!-- com.sirma.cucumberoptions.TestRunner -->
