<?xml version="1.0" encoding="UTF-8"?>
<!-- Generated by org.testng.reporters.JUnitReportReporter -->
<testsuite hostname="marina" failures="0" tests="1" name="com.sirma.recruit.CreateJob_AddEmploymentTypeTest" time="34.541" errors="0" timestamp="2020-02-18T17:14:54 EET" skipped="0">
  <testcase classname="com.sirma.recruit.CreateJob_AddEmploymentTypeTest" name="openCreateJob" time="34.541"/>
</testsuite> <!-- com.sirma.recruit.CreateJob_AddEmploymentTypeTest -->
