<?xml version="1.0" encoding="UTF-8"?>
<!-- Generated by org.testng.reporters.JUnitReportReporter -->
<testsuite hostname="marina" failures="0" tests="1" name="com.sirma.recruit.CreateCandidateManuallyTest" time="22.161" errors="0" timestamp="2020-02-17T09:38:55 EET" skipped="0">
  <testcase classname="com.sirma.recruit.CreateCandidateManuallyTest" name="logIn" time="22.161"/>
</testsuite> <!-- com.sirma.recruit.CreateCandidateManuallyTest -->
