<?xml version="1.0" encoding="UTF-8"?>
<!-- Generated by org.testng.reporters.JUnitReportReporter -->
<testsuite hostname="marina" failures="0" tests="1" name="com.sirma.recruit.CreateCandidateManuallyWithFileUploadTest" time="27.546" errors="0" timestamp="2020-02-19T15:35:05 EET" skipped="0">
  <testcase classname="com.sirma.recruit.CreateCandidateManuallyWithFileUploadTest" name="logIn" time="27.546"/>
</testsuite> <!-- com.sirma.recruit.CreateCandidateManuallyWithFileUploadTest -->
