<?xml version="1.0" encoding="UTF-8"?>
<!-- Generated by org.testng.reporters.JUnitReportReporter -->
<testsuite hostname="marina" failures="0" tests="1" name="com.sirma.recruit.CreateCandidateManuallyTest" time="20.223" errors="0" timestamp="2020-02-14T16:43:11 EET" skipped="0">
  <testcase classname="com.sirma.recruit.CreateCandidateManuallyTest" name="logIn" time="20.223"/>
</testsuite> <!-- com.sirma.recruit.CreateCandidateManuallyTest -->
