<?xml version="1.0" encoding="UTF-8"?>
<!-- Generated by org.testng.reporters.JUnitReportReporter -->
<testsuite hostname="marina" failures="0" tests="1" name="com.sirma.recruit.HomePageElemPresenceTest" time="12.854" errors="0" timestamp="2020-02-13T09:07:29 EET" skipped="0">
  <testcase classname="com.sirma.recruit.HomePageElemPresenceTest" name="logIn" time="12.854"/>
  <system-out/>
</testsuite> <!-- com.sirma.recruit.HomePageElemPresenceTest -->
