<?xml version="1.0" encoding="UTF-8"?>
<!-- Generated by org.testng.reporters.JUnitReportReporter -->
<testsuite hostname="marina" failures="0" tests="1" name="com.sirma.recruit.LogIn" time="5.217" errors="0" timestamp="2020-01-31T15:47:30 EET" skipped="0">
  <testcase classname="com.sirma.recruit.LogIn" name="initialize" time="5.217"/>
  <system-out/>
</testsuite> <!-- com.sirma.recruit.LogIn -->
