<?xml version="1.0" encoding="UTF-8"?>
<!-- Generated by org.testng.reporters.JUnitReportReporter -->
<testsuite hostname="marina" failures="0" tests="1" name="com.sirma.cucumberoptions.TestRunner" time="36.012" errors="0" timestamp="2020-03-11T15:52:45 EET" skipped="0">
  <testcase classname="com.sirma.cucumberoptions.TestRunner" name="feature" time="36.012"/>
</testsuite> <!-- com.sirma.cucumberoptions.TestRunner -->
