<?xml version="1.0" encoding="UTF-8"?>
<!-- Generated by org.testng.reporters.JUnitReportReporter -->
<testsuite hostname="marina" failures="0" tests="1" name="com.sirma.recruit.CreateCandidateUploadCVTest" time="12.882" errors="0" timestamp="2020-02-14T15:52:18 EET" skipped="0">
  <testcase classname="com.sirma.recruit.CreateCandidateUploadCVTest" name="logIn" time="12.882"/>
</testsuite> <!-- com.sirma.recruit.CreateCandidateUploadCVTest -->
