<?xml version="1.0" encoding="UTF-8"?>
<!-- Generated by org.testng.reporters.JUnitReportReporter -->
<testsuite hostname="marina" failures="0" tests="1" name="com.sirma.pageObjects.CreateCandidateManuallyTest" time="13.163" errors="0" timestamp="2020-02-14T14:10:54 EET" skipped="0">
  <testcase classname="com.sirma.pageObjects.CreateCandidateManuallyTest" name="logIn" time="13.163"/>
</testsuite> <!-- com.sirma.pageObjects.CreateCandidateManuallyTest -->
