<?xml version="1.0" encoding="UTF-8"?>
<!-- Generated by org.testng.reporters.JUnitReportReporter -->
<testsuite hostname="marina" failures="0" tests="1" name="com.sirma.recruit.CreateCandidateManuallyWithFileUploadTest" time="25.148" errors="0" timestamp="2020-02-17T14:02:33 EET" skipped="0">
  <testcase classname="com.sirma.recruit.CreateCandidateManuallyWithFileUploadTest" name="logIn" time="25.148"/>
</testsuite> <!-- com.sirma.recruit.CreateCandidateManuallyWithFileUploadTest -->
